<?xml version="1.0" encoding="UTF-8"?>
<testsuite xmlns:xsi="http://www.w3.org/2001/XMLSchema-instance" xsi:noNamespaceSchemaLocation="https://maven.apache.org/surefire/maven-surefire-plugin/xsd/surefire-test-report.xsd" name="work.TestSalaryCalculation" time="0.215" tests="2" errors="0" skipped="0" failures="0">
  <properties>
[...]
</properties>
  <testcase name="testCalc001" classname="work.TestSalaryCalculation" time="0.158"/>
  <testcase name="testCalc002" classname="work.TestSalaryCalculation" time="0.002"/>
</testsuite>