<?xml version="1.0" encoding="UTF-8"?>
<coverage generated="1638192174524" clover="4.2.0">
   <project name="TestEffortEstimation 1.0-SNAPSHOT (Aggregated)" timestamp="1638192172765">
      <metrics coveredelements="39" complexity="12" loc="71" methods="10" classes="3" statements="27" packages="3" coveredconditionals="4" coveredmethods="9" elements="41" ncloc="64" files="3" conditionals="4" coveredstatements="26"/>
      <package name="work">
         <metrics coveredelements="5" complexity="1" loc="13" methods="1" classes="1" statements="4" coveredconditionals="0" coveredmethods="1" elements="5" ncloc="11" files="1" conditionals="0" coveredstatements="4"/>
         <file path="/Users/yutarokashiwa/Documents/200_Development/210_Git/TestEffortEstimationTutorial/Calc/src/main/java/work/SalaryCalculation.java" name="SalaryCalculation.java">
            <metrics coveredelements="5" coveredconditionals="0" complexity="1" loc="13" coveredmethods="1" methods="1" elements="5" classes="1" ncloc="11" statements="4" conditionals="0" coveredstatements="4"/>
            <class name="SalaryCalculation">
               <metrics coveredelements="5" coveredconditionals="0" complexity="1" coveredmethods="1" methods="1" elements="5" statements="4" conditionals="0" coveredstatements="4"/>
            </class>
            <line complexity="1" visibility="public" signature="calc(Employee) : double" num="7" count="2" type="method"/>
            <line num="8" count="2" type="stmt"/>
            <line num="9" count="2" type="stmt"/>
            <line num="10" count="2" type="stmt"/>
            <line num="11" count="2" type="stmt"/>
         </file>
      </package>
      <package name="bean">
         <metrics coveredelements="20" complexity="4" loc="32" methods="3" classes="1" statements="15" coveredconditionals="2" coveredmethods="3" elements="20" ncloc="28" files="1" conditionals="2" coveredstatements="15"/>
         <file path="/Users/yutarokashiwa/Documents/200_Development/210_Git/TestEffortEstimationTutorial/Calc/src/main/java/bean/Employee.java" name="Employee.java">
            <metrics coveredelements="20" coveredconditionals="2" complexity="4" loc="32" coveredmethods="3" methods="3" elements="20" classes="1" ncloc="28" statements="15" conditionals="2" coveredstatements="15"/>
            <class name="Employee">
               <metrics coveredelements="20" coveredconditionals="2" complexity="4" coveredmethods="3" methods="3" elements="20" statements="15" conditionals="2" coveredstatements="15"/>
            </class>
            <line complexity="1" visibility="public" signature="Employee(String,int)" num="8" count="2" type="method"/>
            <line num="9" count="2" type="stmt"/>
            <line num="10" count="2" type="stmt"/>
            <line num="11" count="2" type="stmt"/>
            <line complexity="2" visibility="public" signature="recordWorking(int) : void" num="13" count="7" type="method"/>
            <line num="14" count="7" type="stmt"/>
            <line num="15" count="7" type="stmt"/>
            <line falsecount="6" truecount="1" num="15" type="cond"/>
            <line num="16" count="1" type="stmt"/>
            <line complexity="1" visibility="private" signature="print() : void" num="21" count="1" type="method"/>
            <line num="22" count="1" type="stmt"/>
            <line num="23" count="1" type="stmt"/>
            <line num="24" count="1" type="stmt"/>
            <line num="25" count="1" type="stmt"/>
            <line num="26" count="1" type="stmt"/>
            <line num="27" count="1" type="stmt"/>
            <line num="28" count="1" type="stmt"/>
            <line num="29" count="1" type="stmt"/>
            <line num="30" count="1" type="stmt"/>
         </file>
      </package>
      <package name="function">
         <metrics coveredelements="14" complexity="7" loc="26" methods="6" classes="1" statements="8" coveredconditionals="2" coveredmethods="5" elements="16" ncloc="25" files="1" conditionals="2" coveredstatements="7"/>
         <file path="/Users/yutarokashiwa/Documents/200_Development/210_Git/TestEffortEstimationTutorial/Core/src/main/java/function/Calculator.java" name="Calculator.java">
            <metrics coveredelements="14" coveredconditionals="2" complexity="7" loc="26" coveredmethods="5" methods="6" elements="16" classes="1" ncloc="25" statements="8" conditionals="2" coveredstatements="7"/>
            <class name="Calculator">
               <metrics coveredelements="14" coveredconditionals="2" complexity="7" coveredmethods="5" methods="6" elements="16" statements="8" conditionals="2" coveredstatements="7"/>
            </class>
            <line complexity="1" visibility="public" signature="Calculator()" num="5" count="4" type="method"/>
            <line num="6" count="4" type="stmt"/>
            <line complexity="1" visibility="public" signature="plus(int) : void" num="8" count="2" type="method"/>
            <line num="9" count="2" type="stmt"/>
            <line complexity="1" visibility="public" signature="minos(int) : void" num="11" count="0" type="method"/>
            <line num="12" count="0" type="stmt"/>
            <line complexity="1" visibility="public" signature="times(int) : void" num="14" count="2" type="method"/>
            <line num="15" count="2" type="stmt"/>
            <line complexity="2" visibility="public" signature="divided(int) : void" num="17" count="2" type="method"/>
            <line num="18" count="2" type="stmt"/>
            <line falsecount="1" truecount="1" num="18" type="cond"/>
            <line num="19" count="1" type="stmt"/>
            <line num="21" count="1" type="stmt"/>
            <line complexity="1" visibility="public" signature="getAnswer() : double" num="23" count="4" type="method"/>
            <line num="24" count="4" type="stmt"/>
         </file>
      </package>
   </project>
   <testproject name="TestEffortEstimation 1.0-SNAPSHOT (Aggregated)" timestamp="1638192172765">
      <metrics coveredelements="27" complexity="4" loc="59" methods="4" classes="2" statements="23" packages="2" coveredconditionals="0" coveredmethods="4" elements="27" ncloc="46" files="2" conditionals="0" coveredstatements="23"/>
      <package name="work">
         <metrics coveredelements="17" complexity="2" loc="33" methods="2" classes="1" statements="15" coveredconditionals="0" coveredmethods="2" elements="17" ncloc="28" files="1" conditionals="0" coveredstatements="15"/>
         <file path="/Users/yutarokashiwa/Documents/200_Development/210_Git/TestEffortEstimationTutorial/Calc/src/test/java/work/TestSalaryCalculation.java" name="TestSalaryCalculation.java">
            <metrics coveredelements="17" coveredconditionals="0" complexity="2" loc="33" coveredmethods="2" methods="2" elements="17" classes="1" ncloc="28" statements="15" conditionals="0" coveredstatements="15"/>
            <class name="TestSalaryCalculation">
               <metrics coveredelements="17" complexity="2" methods="2" testruns="2" statements="15" coveredconditionals="0" coveredmethods="2" elements="17" testfailures="0" testduration="0.008" conditionals="0" coveredstatements="15" testpasses="2"/>
            </class>
            <line complexity="1" visibility="public" signature="testCalc001() : void" num="11" testsuccess="true" count="1" testduration="0.008" type="method"/>
            <line num="13" count="1" type="stmt"/>
            <line num="14" count="1" type="stmt"/>
            <line num="15" count="1" type="stmt"/>
            <line num="16" count="1" type="stmt"/>
            <line num="17" count="1" type="stmt"/>
            <line num="18" count="1" type="stmt"/>
            <line num="19" count="1" type="stmt"/>
            <line complexity="1" visibility="public" signature="testCalc002() : void" num="22" testsuccess="true" count="1" testduration="0.0" type="method"/>
            <line num="24" count="1" type="stmt"/>
            <line num="25" count="1" type="stmt"/>
            <line num="26" count="1" type="stmt"/>
            <line num="27" count="1" type="stmt"/>
            <line num="28" count="1" type="stmt"/>
            <line num="29" count="1" type="stmt"/>
            <line num="30" count="1" type="stmt"/>
            <line num="31" count="1" type="stmt"/>
         </file>
      </package>
      <package name="function">
         <metrics coveredelements="10" complexity="2" loc="26" methods="2" classes="1" statements="8" coveredconditionals="0" coveredmethods="2" elements="10" ncloc="18" files="1" conditionals="0" coveredstatements="8"/>
         <file path="/Users/yutarokashiwa/Documents/200_Development/210_Git/TestEffortEstimationTutorial/Core/src/test/java/function/CalculatorTest.java" name="CalculatorTest.java">
            <metrics coveredelements="10" coveredconditionals="0" complexity="2" loc="26" coveredmethods="2" methods="2" elements="10" classes="1" ncloc="18" statements="8" conditionals="0" coveredstatements="8"/>
            <class name="CalculatorTest">
               <metrics coveredelements="10" complexity="2" methods="2" testruns="2" statements="8" coveredconditionals="0" coveredmethods="2" elements="10" testfailures="0" testduration="0.005" conditionals="0" coveredstatements="8" testpasses="2"/>
            </class>
            <line complexity="1" visibility="public" signature="testDivided_N001() : void" num="10" testsuccess="true" count="1" testduration="0.005" type="method"/>
            <line num="12" count="1" type="stmt"/>
            <line num="13" count="1" type="stmt"/>
            <line num="14" count="1" type="stmt"/>
            <line num="15" count="1" type="stmt"/>
            <line complexity="1" visibility="public" signature="testDivided_N002() : void" num="18" testsuccess="true" count="1" testduration="0.0" type="method"/>
            <line num="20" count="1" type="stmt"/>
            <line num="21" count="1" type="stmt"/>
            <line num="22" count="1" type="stmt"/>
            <line num="23" count="1" type="stmt"/>
         </file>
      </package>
   </testproject>
</coverage>