<?xml version="1.0" encoding="UTF-8"?>
<testsuite xmlns:xsi="http://www.w3.org/2001/XMLSchema-instance" xsi:noNamespaceSchemaLocation="https://maven.apache.org/surefire/maven-surefire-plugin/xsd/surefire-test-report.xsd" name="function.CalculatorTest" time="0.366" tests="2" errors="0" skipped="0" failures="0">
  <properties>
[...]
</properties>
  <testcase name="testDivided_N001" classname="function.CalculatorTest" time="0.331"/>
  <testcase name="testDivided_N002" classname="function.CalculatorTest" time="0"/>
</testsuite>